<?xml version="1.0" encoding="UTF-8"?>
<!-- Generated by org.testng.reporters.JUnitReportReporter -->
<testsuite hostname="LAPTOP-M9FVOIFN" failures="0" tests="1" name="devopsvthmaduri.Test3" time="6.239" errors="0" timestamp="2023-08-28T19:56:31 IST" skipped="0">
  <testcase classname="devopsvthmaduri.Test3" name="method3" time="6.239">
    <system-out>
      <![CDATA[firefox]]>
    </system-out>
  </testcase> <!-- method3 -->
  <system-out>
    <![CDATA[edge
firefox]]>
  </system-out>
</testsuite> <!-- devopsvthmaduri.Test3 -->
