<?xml version="1.0" encoding="UTF-8"?>
<!-- Generated by org.testng.reporters.JUnitReportReporter -->
<testsuite hostname="LAPTOP-M9FVOIFN" failures="0" tests="1" name="devopsvthmaduri.Test4" time="0.006" errors="0" timestamp="2023-09-05T22:21:39 IST" skipped="0">
  <testcase classname="devopsvthmaduri.Test4" name="method2" time="0.006">
    <system-out>
      <![CDATA[display]]>
    </system-out>
  </testcase> <!-- method2 -->
  <system-out>
    <![CDATA[display]]>
  </system-out>
</testsuite> <!-- devopsvthmaduri.Test4 -->
