<?xml version="1.0" encoding="UTF-8"?>
<!-- Generated by org.testng.reporters.JUnitReportReporter -->
<testsuite hostname="LAPTOP-M9FVOIFN" failures="0" tests="1" name="devopsvthmaduri.Test1" time="6.496" errors="0" timestamp="2023-09-05T19:11:18 IST" skipped="0">
  <testcase classname="devopsvthmaduri.Test1" name="method1" time="6.496">
    <system-out>
      <![CDATA[edge]]>
    </system-out>
  </testcase> <!-- method1 -->
  <system-out>
    <![CDATA[edge
firefox]]>
  </system-out>
</testsuite> <!-- devopsvthmaduri.Test1 -->
